<?xml version="1.0" encoding="UTF-8"?>
<testng-results ignored="0" total="3" passed="3" failed="0" skipped="0">
  <reporter-output>
    <line>
      <![CDATA[Extent Report Directory C:\Users\andyl\IdeaProjects\untitled\target\surefire-reports\United Test Suite\html]]>
    </line>
  </reporter-output>
  <suite started-at="2023-04-03T02:19:20Z" name="United Test Suite" finished-at="2023-04-03T02:19:32Z" duration-ms="12004">
    <groups>
    </groups>
    <test started-at="2023-04-03T02:19:20Z" name="HomePage" finished-at="2023-04-03T02:19:32Z" duration-ms="12004">
      <class name="United.TestUnitedHomepage">
        <test-method is-config="true" signature="extentSetup(org.testng.ITestContext)[pri:0, instance:United.TestUnitedHomepage@15b204a1]" started-at="2023-04-03T02:19:20Z" name="extentSetup" finished-at="2023-04-03T02:19:20Z" duration-ms="261" status="PASS">
          <params>
            <param index="0">
              <value>
                <![CDATA[org.testng.TestRunner@61cd1c71]]>
              </value>
            </param>
          </params>
          <reporter-output>
            <line>
              <![CDATA[Extent Report Directory C:\Users\andyl\IdeaProjects\untitled\target\surefire-reports\United Test Suite\html]]>
            </line>
          </reporter-output>
        </test-method> <!-- extentSetup -->
        <test-method is-config="true" signature="setUp(boolean, java.lang.String, java.lang.String, java.lang.String, java.lang.String, java.lang.String, java.lang.String)[pri:0, instance:United.TestUnitedHomepage@15b204a1]" started-at="2023-04-03T02:19:20Z" name="setUp" finished-at="2023-04-03T02:19:28Z" duration-ms="7798" status="PASS">
          <params>
            <param index="0">
              <value>
                <![CDATA[false]]>
              </value>
            </param>
            <param index="1">
              <value>
                <![CDATA[browserstack]]>
              </value>
            </param>
            <param index="2">
              <value>
                <![CDATA[windows]]>
              </value>
            </param>
            <param index="3">
              <value>
                <![CDATA[11]]>
              </value>
            </param>
            <param index="4">
              <value>
                <![CDATA[chrome]]>
              </value>
            </param>
            <param index="5">
              <value>
                <![CDATA[111]]>
              </value>
            </param>
            <param index="6">
              <value>
                <![CDATA[https://www.united.com/en/us]]>
              </value>
            </param>
          </params>
          <reporter-output>
          </reporter-output>
        </test-method> <!-- setUp -->
        <test-method is-config="true" signature="startExtent(java.lang.reflect.Method)[pri:0, instance:United.TestUnitedHomepage@15b204a1]" started-at="2023-04-03T02:19:28Z" name="startExtent" finished-at="2023-04-03T02:19:28Z" duration-ms="17" status="PASS">
          <params>
            <param index="0">
              <value>
                <![CDATA[public void United.TestUnitedHomepage.TestunitedFeedback() throws java.lang.InterruptedException]]>
              </value>
            </param>
          </params>
          <reporter-output>
          </reporter-output>
        </test-method> <!-- startExtent -->
        <test-method signature="TestunitedFeedback()[pri:0, instance:United.TestUnitedHomepage@15b204a1]" started-at="2023-04-03T02:19:28Z" name="TestunitedFeedback" finished-at="2023-04-03T02:19:31Z" duration-ms="2901" status="PASS">
          <reporter-output>
          </reporter-output>
        </test-method> <!-- TestunitedFeedback -->
        <test-method is-config="true" signature="afterEachTestMethod(org.testng.ITestResult)[pri:0, instance:United.TestUnitedHomepage@15b204a1]" started-at="2023-04-03T02:19:31Z" name="afterEachTestMethod" finished-at="2023-04-03T02:19:32Z" duration-ms="1249" status="PASS">
          <params>
            <param index="0">
              <value>
                <![CDATA[[TestResult name=TestunitedFeedback status=SUCCESS method=TestUnitedHomepage.TestunitedFeedback()[pri:0, instance:United.TestUnitedHomepage@15b204a1] output={null}]]]>
              </value>
            </param>
          </params>
          <reporter-output>
          </reporter-output>
        </test-method> <!-- afterEachTestMethod -->
        <test-method is-config="true" signature="endLOG()[pri:0, instance:United.TestUnitedHomepage@15b204a1]" started-at="2023-04-03T02:19:32Z" name="endLOG" finished-at="2023-04-03T02:19:32Z" duration-ms="16" status="PASS">
          <reporter-output>
          </reporter-output>
        </test-method> <!-- endLOG -->
        <test-method is-config="true" signature="tearDown()[pri:0, instance:United.TestUnitedHomepage@15b204a1]" started-at="2023-04-03T02:19:32Z" name="tearDown" finished-at="2023-04-03T02:19:32Z" duration-ms="9" status="PASS">
          <reporter-output>
          </reporter-output>
        </test-method> <!-- tearDown -->
        <test-method is-config="true" signature="generateReport()[pri:0, instance:United.TestUnitedHomepage@15b204a1]" started-at="2023-04-03T02:19:32Z" name="generateReport" finished-at="2023-04-03T02:19:32Z" duration-ms="95" status="PASS">
          <reporter-output>
          </reporter-output>
        </test-method> <!-- generateReport -->
      </class> <!-- United.TestUnitedHomepage -->
    </test> <!-- HomePage -->
  </suite> <!-- United Test Suite -->
  <suite started-at="2023-04-03T02:19:32Z" name="Etsy Test Suite" finished-at="2023-04-03T02:19:43Z" duration-ms="11250">
    <groups>
    </groups>
    <test started-at="2023-04-03T02:19:32Z" name="HomePage" finished-at="2023-04-03T02:19:43Z" duration-ms="11250">
      <class name="Etsy.TestEtsyHomepage">
        <test-method is-config="true" signature="setUp(boolean, java.lang.String, java.lang.String, java.lang.String, java.lang.String, java.lang.String, java.lang.String)[pri:0, instance:Etsy.TestEtsyHomepage@16ec5519]" started-at="2023-04-03T02:19:32Z" name="setUp" finished-at="2023-04-03T02:19:35Z" duration-ms="2896" status="PASS">
          <params>
            <param index="0">
              <value>
                <![CDATA[false]]>
              </value>
            </param>
            <param index="1">
              <value>
                <![CDATA[browserstack]]>
              </value>
            </param>
            <param index="2">
              <value>
                <![CDATA[windows]]>
              </value>
            </param>
            <param index="3">
              <value>
                <![CDATA[11]]>
              </value>
            </param>
            <param index="4">
              <value>
                <![CDATA[chrome]]>
              </value>
            </param>
            <param index="5">
              <value>
                <![CDATA[111]]>
              </value>
            </param>
            <param index="6">
              <value>
                <![CDATA[https://www.etsy.com/]]>
              </value>
            </param>
          </params>
          <reporter-output>
          </reporter-output>
        </test-method> <!-- setUp -->
        <test-method is-config="true" signature="extentSetup(org.testng.ITestContext)[pri:0, instance:Etsy.TestEtsyHomepage@16ec5519]" started-at="2023-04-03T02:19:32Z" name="extentSetup" finished-at="2023-04-03T02:19:32Z" duration-ms="0" status="PASS">
          <params>
            <param index="0">
              <value>
                <![CDATA[org.testng.TestRunner@52e04737]]>
              </value>
            </param>
          </params>
          <reporter-output>
          </reporter-output>
        </test-method> <!-- extentSetup -->
        <test-method signature="testEtsyProduct()[pri:0, instance:Etsy.TestEtsyHomepage@16ec5519]" started-at="2023-04-03T02:19:35Z" name="testEtsyProduct" finished-at="2023-04-03T02:19:38Z" duration-ms="2773" status="PASS">
          <reporter-output>
          </reporter-output>
        </test-method> <!-- testEtsyProduct -->
        <test-method is-config="true" signature="startExtent(java.lang.reflect.Method)[pri:0, instance:Etsy.TestEtsyHomepage@16ec5519]" started-at="2023-04-03T02:19:35Z" name="startExtent" finished-at="2023-04-03T02:19:35Z" duration-ms="0" status="PASS">
          <params>
            <param index="0">
              <value>
                <![CDATA[public void Etsy.TestEtsyHomepage.testEtsyProduct() throws java.lang.InterruptedException]]>
              </value>
            </param>
          </params>
          <reporter-output>
          </reporter-output>
        </test-method> <!-- startExtent -->
        <test-method is-config="true" signature="afterEachTestMethod(org.testng.ITestResult)[pri:0, instance:Etsy.TestEtsyHomepage@16ec5519]" started-at="2023-04-03T02:19:38Z" name="afterEachTestMethod" finished-at="2023-04-03T02:19:38Z" duration-ms="253" status="PASS">
          <params>
            <param index="0">
              <value>
                <![CDATA[[TestResult name=testEtsyProduct status=SUCCESS method=TestEtsyHomepage.testEtsyProduct()[pri:0, instance:Etsy.TestEtsyHomepage@16ec5519] output={null}]]]>
              </value>
            </param>
          </params>
          <reporter-output>
          </reporter-output>
        </test-method> <!-- afterEachTestMethod -->
        <test-method is-config="true" signature="setUp(boolean, java.lang.String, java.lang.String, java.lang.String, java.lang.String, java.lang.String, java.lang.String)[pri:0, instance:Etsy.TestEtsyHomepage@16ec5519]" started-at="2023-04-03T02:19:38Z" name="setUp" finished-at="2023-04-03T02:19:42Z" duration-ms="3774" status="PASS">
          <params>
            <param index="0">
              <value>
                <![CDATA[false]]>
              </value>
            </param>
            <param index="1">
              <value>
                <![CDATA[browserstack]]>
              </value>
            </param>
            <param index="2">
              <value>
                <![CDATA[windows]]>
              </value>
            </param>
            <param index="3">
              <value>
                <![CDATA[11]]>
              </value>
            </param>
            <param index="4">
              <value>
                <![CDATA[chrome]]>
              </value>
            </param>
            <param index="5">
              <value>
                <![CDATA[111]]>
              </value>
            </param>
            <param index="6">
              <value>
                <![CDATA[https://www.etsy.com/]]>
              </value>
            </param>
          </params>
          <reporter-output>
          </reporter-output>
        </test-method> <!-- setUp -->
        <test-method is-config="true" signature="endLOG()[pri:0, instance:Etsy.TestEtsyHomepage@16ec5519]" started-at="2023-04-03T02:19:38Z" name="endLOG" finished-at="2023-04-03T02:19:38Z" duration-ms="0" status="PASS">
          <reporter-output>
          </reporter-output>
        </test-method> <!-- endLOG -->
        <test-method is-config="true" signature="tearDown()[pri:0, instance:Etsy.TestEtsyHomepage@16ec5519]" started-at="2023-04-03T02:19:38Z" name="tearDown" finished-at="2023-04-03T02:19:38Z" duration-ms="0" status="PASS">
          <reporter-output>
          </reporter-output>
        </test-method> <!-- tearDown -->
        <test-method is-config="true" signature="startExtent(java.lang.reflect.Method)[pri:0, instance:Etsy.TestEtsyHomepage@16ec5519]" started-at="2023-04-03T02:19:42Z" name="startExtent" finished-at="2023-04-03T02:19:42Z" duration-ms="1" status="PASS">
          <params>
            <param index="0">
              <value>
                <![CDATA[public void Etsy.TestEtsyHomepage.testjeweleryProduct()]]>
              </value>
            </param>
          </params>
          <reporter-output>
          </reporter-output>
        </test-method> <!-- startExtent -->
        <test-method signature="testjeweleryProduct()[pri:0, instance:Etsy.TestEtsyHomepage@16ec5519]" started-at="2023-04-03T02:19:42Z" name="testjeweleryProduct" finished-at="2023-04-03T02:19:43Z" duration-ms="1259" status="PASS">
          <reporter-output>
          </reporter-output>
        </test-method> <!-- testjeweleryProduct -->
        <test-method is-config="true" signature="afterEachTestMethod(org.testng.ITestResult)[pri:0, instance:Etsy.TestEtsyHomepage@16ec5519]" started-at="2023-04-03T02:19:43Z" name="afterEachTestMethod" finished-at="2023-04-03T02:19:43Z" duration-ms="284" status="PASS">
          <params>
            <param index="0">
              <value>
                <![CDATA[[TestResult name=testjeweleryProduct status=SUCCESS method=TestEtsyHomepage.testjeweleryProduct()[pri:0, instance:Etsy.TestEtsyHomepage@16ec5519] output={null}]]]>
              </value>
            </param>
          </params>
          <reporter-output>
          </reporter-output>
        </test-method> <!-- afterEachTestMethod -->
        <test-method is-config="true" signature="endLOG()[pri:0, instance:Etsy.TestEtsyHomepage@16ec5519]" started-at="2023-04-03T02:19:43Z" name="endLOG" finished-at="2023-04-03T02:19:43Z" duration-ms="1" status="PASS">
          <reporter-output>
          </reporter-output>
        </test-method> <!-- endLOG -->
        <test-method is-config="true" signature="tearDown()[pri:0, instance:Etsy.TestEtsyHomepage@16ec5519]" started-at="2023-04-03T02:19:43Z" name="tearDown" finished-at="2023-04-03T02:19:43Z" duration-ms="0" status="PASS">
          <reporter-output>
          </reporter-output>
        </test-method> <!-- tearDown -->
        <test-method is-config="true" signature="generateReport()[pri:0, instance:Etsy.TestEtsyHomepage@16ec5519]" started-at="2023-04-03T02:19:43Z" name="generateReport" finished-at="2023-04-03T02:19:43Z" duration-ms="5" status="PASS">
          <reporter-output>
          </reporter-output>
        </test-method> <!-- generateReport -->
      </class> <!-- Etsy.TestEtsyHomepage -->
    </test> <!-- HomePage -->
  </suite> <!-- Etsy Test Suite -->
  <suite started-at="2023-04-03T02:19:20Z" name="Geico Test Suite" finished-at="2023-04-03T02:19:20Z" duration-ms="2">
    <groups>
    </groups>
    <test started-at="2023-04-03T02:19:20Z" name="HomePage" finished-at="2023-04-03T02:19:20Z" duration-ms="2">
    </test> <!-- HomePage -->
  </suite> <!-- Geico Test Suite -->
</testng-results>
